
> user-service@1.0.0 start /Users/mac/Documents/workspace/UNCC/unix/video-editor-express/services/user-service
> node server.js

internal/modules/cjs/loader.js:934
  throw err;
  ^

Error: Cannot find module 'prom-client'
Require stack:
- /Users/mac/Documents/workspace/UNCC/unix/video-editor-express/services/shared/middleware/metrics.js
- /Users/mac/Documents/workspace/UNCC/unix/video-editor-express/services/user-service/server.js
    at Function.Module._resolveFilename (internal/modules/cjs/loader.js:931:15)
    at Function.Module._load (internal/modules/cjs/loader.js:774:27)
    at Module.require (internal/modules/cjs/loader.js:1003:19)
    at require (internal/modules/cjs/helpers.js:107:18)
    at Object.<anonymous> (/Users/mac/Documents/workspace/UNCC/unix/video-editor-express/services/shared/middleware/metrics.js:1:16)
    at Module._compile (internal/modules/cjs/loader.js:1114:14)
    at Object.Module._extensions..js (internal/modules/cjs/loader.js:1143:10)
    at Module.load (internal/modules/cjs/loader.js:979:32)
    at Function.Module._load (internal/modules/cjs/loader.js:819:12)
    at Module.require (internal/modules/cjs/loader.js:1003:19) {
  code: 'MODULE_NOT_FOUND',
  requireStack: [
    '/Users/mac/Documents/workspace/UNCC/unix/video-editor-express/services/shared/middleware/metrics.js',
    '/Users/mac/Documents/workspace/UNCC/unix/video-editor-express/services/user-service/server.js'
  ]
}
npm ERR! code ELIFECYCLE
npm ERR! errno 1
npm ERR! user-service@1.0.0 start: `node server.js`
npm ERR! Exit status 1
npm ERR! 
npm ERR! Failed at the user-service@1.0.0 start script.
npm ERR! This is probably not a problem with npm. There is likely additional logging output above.

npm ERR! A complete log of this run can be found in:
npm ERR!     /Users/mac/.npm/_logs/2025-12-05T10_46_00_773Z-debug.log
